<?xml version="1.0" encoding="UTF-8"?>
<testsuite name="tests.StudentRegistrationFormPageObjectTests" tests="1" skipped="0" failures="0" errors="0" timestamp="2021-04-08T16:25:19" hostname="Den-MacBook-Pro.local" time="6.191">
  <properties/>
  <testcase name="successfulFillFormTest()" classname="tests.StudentRegistrationFormPageObjectTests" time="6.191"/>
  <system-out><![CDATA[]]></system-out>
  <system-err><![CDATA[Starting ChromeDriver 89.0.4389.23 (61b08ee2c50024bab004e48d2b1b083cdbdac579-refs/branch-heads/4389@{#294}) on port 16333
Only local connections are allowed.
Please see https://chromedriver.chromium.org/security-considerations for suggestions on keeping ChromeDriver safe.
ChromeDriver was started successfully.
апр. 08, 2021 7:25:21 PM org.openqa.selenium.remote.ProtocolHandshake createSession
INFO: Detected dialect: W3C
]]></system-err>
</testsuite>
