<?xml version="1.0" encoding="UTF-8"?>
<testsuite name="tests.StudentRegistrationFormWithStepsTests" tests="1" skipped="0" failures="0" errors="0" timestamp="2021-08-08T14:38:21" hostname="MacBook-Pro-Denis.local" time="2.846">
  <properties/>
  <testcase name="successfulFillFormTest()" classname="tests.StudentRegistrationFormWithStepsTests" time="2.846"/>
  <system-out><![CDATA[]]></system-out>
  <system-err><![CDATA[]]></system-err>
</testsuite>
