<?xml version="1.0" encoding="UTF-8"?>
<testsuite name="docs.RandomExamples" tests="1" skipped="0" failures="0" errors="0" timestamp="2021-04-08T15:41:27" hostname="Den-MacBook-Pro.local" time="0.016">
  <properties/>
  <testcase name="randomExample()" classname="docs.RandomExamples" time="0.016"/>
  <system-out><![CDATA[PM6NY8TRRO16EB95JYRCSV
Jane sleeps any knows big talks
52694962
79817219628604766
+767608259879062953
+8 (495) 689504-721141
CRFHH1617896487890@qa.guru
]]></system-out>
  <system-err><![CDATA[]]></system-err>
</testsuite>
