<?xml version="1.0" encoding="UTF-8"?>
<testsuite name="docs.RandomExamples" tests="1" skipped="0" failures="0" errors="0" timestamp="2021-08-08T12:56:29" hostname="MacBook-Pro-Denis.local" time="0.021">
  <properties/>
  <testcase name="randomExample()" classname="docs.RandomExamples" time="0.021"/>
  <system-out><![CDATA[OLLUVHY7AGJ8BGSZ0MPO3U
. man. walks all or John sees Jane a talks big man. hates every sleeps
39405788
36714473006959373
+789515812346517337
+8 (757) 174706-164494
MO38L1628427389166@qa.guru
]]></system-out>
  <system-err><![CDATA[]]></system-err>
</testsuite>
