<?xml version="1.0" encoding="UTF-8"?>
<testsuite name="docs.RandomExamples" tests="1" skipped="0" failures="0" errors="0" timestamp="2021-04-08T15:24:17" hostname="Den-MacBook-Pro.local" time="0.014">
  <properties/>
  <testcase name="randomExample()" classname="docs.RandomExamples" time="0.014"/>
  <system-out><![CDATA[TXWBLI6KNPPAICQAQG83W5
Big big all hates some hates but walks small, hates or or red runs
93476223
47395919227736075
+738302624633292493
+8 (603) 640369-6684
ILF0C1617895457797@qa.guru
]]></system-out>
  <system-err><![CDATA[]]></system-err>
</testsuite>
