<?xml version="1.0" encoding="UTF-8"?>
<testsuite name="docs.RandomExamples" tests="1" skipped="0" failures="0" errors="0" timestamp="2021-04-08T16:33:46" hostname="Den-MacBook-Pro.local" time="0.011">
  <properties/>
  <testcase name="randomExample()" classname="docs.RandomExamples" time="0.011"/>
  <system-out><![CDATA[OHHK69VRJ5709POMY8FDUB
Walks small knows all Bobby or big
38833543
56984254470219139
+730155581934816682
+8 (779) 459816-533261
FQP471617899626420@qa.guru
]]></system-out>
  <system-err><![CDATA[]]></system-err>
</testsuite>
