<?xml version="1.0" encoding="UTF-8"?>
<testsuite name="docs.RandomExamples" tests="1" skipped="0" failures="0" errors="0" timestamp="2021-04-08T16:25:35" hostname="Den-MacBook-Pro.local" time="0.012">
  <properties/>
  <testcase name="randomExample()" classname="docs.RandomExamples" time="0.012"/>
  <system-out><![CDATA[REEEKYS2JIXS1RSVUNGDMM
Sleeps small any bald or because John sleeps bald tiny bald looks for Bobby woman or Bobby
29863181
18890617017530799
+732517140583873206
+8 (762) 129092-771388
1QQW81617899135952@qa.guru
]]></system-out>
  <system-err><![CDATA[]]></system-err>
</testsuite>
