<?xml version="1.0" encoding="UTF-8"?>
<testsuite name="tests.StudentRegistrationFormWithStepsTests" tests="1" skipped="0" failures="0" errors="0" timestamp="2021-08-08T12:56:23" hostname="MacBook-Pro-Denis.local" time="5.312">
  <properties/>
  <testcase name="successfulFillFormTest()" classname="tests.StudentRegistrationFormWithStepsTests" time="5.312"/>
  <system-out><![CDATA[]]></system-out>
  <system-err><![CDATA[]]></system-err>
</testsuite>
